<?xml version="1.0" encoding="UTF-8"?>
<!-- Generated by org.testng.reporters.JUnitXMLReporter -->
<testsuite ignored="2" hostname="Jeevan" failures="0" tests="2" name="Test" time="8.255" errors="0" timestamp="2025-07-26T01:11:16 IST">
  <testcase classname="testscript.LoginTest" name="verifyLoginwithInvalidUserNameAndValidPassword" time="1.295"/>
  <testcase classname="testscript.LoginTest" name="verifyLoginWithValidUserNameAndInvalidPassword" time="0.573"/>
  <testcase classname="testscript.LoginTest" name="verifyLoginWithValidCredentials" time="0.0">
    <ignored/>
  </testcase> <!-- verifyLoginWithValidCredentials -->
  <testcase classname="testscript.LoginTest" name="verifyLoginWithInValidCredentials" time="0.0">
    <ignored/>
  </testcase> <!-- verifyLoginWithInValidCredentials -->
</testsuite> <!-- Test -->
