<?xml version="1.0" encoding="UTF-8"?>
<testng-results ignored="0" total="3" passed="3" failed="0" skipped="0">
  <reporter-output>
  </reporter-output>
  <suite started-at="2025-07-26T01:28:35 IST" name="parallel" finished-at="2025-07-26T01:28:55 IST" duration-ms="20912">
    <groups>
    </groups>
    <test started-at="2025-07-26T01:28:35 IST" name="Test1" finished-at="2025-07-26T01:28:41 IST" duration-ms="6023">
      <class name="testscript.HomeTest">
        <test-method is-config="true" signature="initializeBrowser(java.lang.String)[pri:0, instance:testscript.HomeTest@639c2c1d]" started-at="2025-07-26T01:28:35 IST" name="initializeBrowser" finished-at="2025-07-26T01:28:38 IST" duration-ms="3324" status="PASS">
          <params>
            <param index="0">
              <value>
                <![CDATA[chrome]]>
              </value>
            </param>
          </params>
          <reporter-output>
          </reporter-output>
        </test-method> <!-- initializeBrowser -->
        <test-method signature="verifyWhetherTheUserIsAbleToLogout()[pri:0, instance:testscript.HomeTest@639c2c1d]" started-at="2025-07-26T01:28:38 IST" name="verifyWhetherTheUserIsAbleToLogout" finished-at="2025-07-26T01:28:41 IST" duration-ms="2658" status="PASS">
          <reporter-output>
          </reporter-output>
        </test-method> <!-- verifyWhetherTheUserIsAbleToLogout -->
        <test-method is-config="true" signature="driverQuit(org.testng.ITestResult)[pri:0, instance:testscript.HomeTest@639c2c1d]" started-at="2025-07-26T01:28:41 IST" name="driverQuit" finished-at="2025-07-26T01:28:41 IST" duration-ms="1" status="PASS">
          <params>
            <param index="0">
              <value>
                <![CDATA[[TestResult name=verifyWhetherTheUserIsAbleToLogout status=SUCCESS method=HomeTest.verifyWhetherTheUserIsAbleToLogout()[pri:0, instance:testscript.HomeTest@639c2c1d] output={null}]]]>
              </value>
            </param>
          </params>
          <reporter-output>
          </reporter-output>
        </test-method> <!-- driverQuit -->
      </class> <!-- testscript.HomeTest -->
    </test> <!-- Test1 -->
    <test started-at="2025-07-26T01:28:41 IST" name="Test2" finished-at="2025-07-26T01:28:55 IST" duration-ms="14871">
      <class name="testscript.ManageNewsTest">
        <test-method is-config="true" signature="initializeBrowser(java.lang.String)[pri:0, instance:testscript.ManageNewsTest@544fa968]" started-at="2025-07-26T01:28:41 IST" name="initializeBrowser" finished-at="2025-07-26T01:28:46 IST" duration-ms="5821" status="PASS">
          <params>
            <param index="0">
              <value>
                <![CDATA[edge]]>
              </value>
            </param>
          </params>
          <reporter-output>
          </reporter-output>
        </test-method> <!-- initializeBrowser -->
        <test-method signature="addingNewNews()[pri:0, instance:testscript.ManageNewsTest@544fa968]" started-at="2025-07-26T01:28:46 IST" name="addingNewNews" finished-at="2025-07-26T01:28:49 IST" duration-ms="2744" status="PASS">
          <reporter-output>
          </reporter-output>
        </test-method> <!-- addingNewNews -->
        <test-method is-config="true" signature="driverQuit(org.testng.ITestResult)[pri:0, instance:testscript.ManageNewsTest@544fa968]" started-at="2025-07-26T01:28:49 IST" name="driverQuit" finished-at="2025-07-26T01:28:49 IST" duration-ms="0" status="PASS">
          <params>
            <param index="0">
              <value>
                <![CDATA[[TestResult name=addingNewNews status=SUCCESS method=ManageNewsTest.addingNewNews()[pri:0, instance:testscript.ManageNewsTest@544fa968] output={null}]]]>
              </value>
            </param>
          </params>
          <reporter-output>
          </reporter-output>
        </test-method> <!-- driverQuit -->
        <test-method is-config="true" signature="initializeBrowser(java.lang.String)[pri:0, instance:testscript.ManageNewsTest@544fa968]" started-at="2025-07-26T01:28:49 IST" name="initializeBrowser" finished-at="2025-07-26T01:28:54 IST" duration-ms="4502" status="PASS">
          <params>
            <param index="0">
              <value>
                <![CDATA[edge]]>
              </value>
            </param>
          </params>
          <reporter-output>
          </reporter-output>
        </test-method> <!-- initializeBrowser -->
        <test-method signature="searchAddedNews()[pri:0, instance:testscript.ManageNewsTest@544fa968]" started-at="2025-07-26T01:28:54 IST" name="searchAddedNews" finished-at="2025-07-26T01:28:55 IST" duration-ms="1796" status="PASS">
          <reporter-output>
          </reporter-output>
        </test-method> <!-- searchAddedNews -->
        <test-method is-config="true" signature="driverQuit(org.testng.ITestResult)[pri:0, instance:testscript.ManageNewsTest@544fa968]" started-at="2025-07-26T01:28:55 IST" name="driverQuit" finished-at="2025-07-26T01:28:55 IST" duration-ms="0" status="PASS">
          <params>
            <param index="0">
              <value>
                <![CDATA[[TestResult name=searchAddedNews status=SUCCESS method=ManageNewsTest.searchAddedNews()[pri:0, instance:testscript.ManageNewsTest@544fa968] output={null}]]]>
              </value>
            </param>
          </params>
          <reporter-output>
          </reporter-output>
        </test-method> <!-- driverQuit -->
      </class> <!-- testscript.ManageNewsTest -->
    </test> <!-- Test2 -->
  </suite> <!-- parallel -->
</testng-results>
