<?xml version="1.0" encoding="UTF-8"?>
<testng-results ignored="0" total="2" passed="2" failed="0" skipped="0">
  <reporter-output>
  </reporter-output>
  <suite started-at="2025-07-30T13:27:01 IST" name="Suite" finished-at="2025-07-30T13:27:14 IST" duration-ms="12505">
    <groups>
    </groups>
    <test started-at="2025-07-30T13:27:01 IST" name="Test" finished-at="2025-07-30T13:27:14 IST" duration-ms="12505">
      <class name="testscript.ManageNewsTest">
        <test-method is-config="true" signature="initializeBrowser(java.lang.String)[pri:0, instance:testscript.ManageNewsTest@12591ac8]" started-at="2025-07-30T13:27:01 IST" name="initializeBrowser" finished-at="2025-07-30T13:27:05 IST" duration-ms="3377" status="PASS">
          <params>
            <param index="0">
              <value>
                <![CDATA[chrome]]>
              </value>
            </param>
          </params>
          <reporter-output>
          </reporter-output>
        </test-method> <!-- initializeBrowser -->
        <test-method signature="verifyWhetherUserCanAddNewNews()[pri:0, instance:testscript.ManageNewsTest@12591ac8]" started-at="2025-07-30T13:27:05 IST" name="verifyWhetherUserCanAddNewNews" finished-at="2025-07-30T13:27:09 IST" duration-ms="3988" status="PASS">
          <reporter-output>
          </reporter-output>
        </test-method> <!-- verifyWhetherUserCanAddNewNews -->
        <test-method is-config="true" signature="driverQuit(org.testng.ITestResult)[pri:0, instance:testscript.ManageNewsTest@12591ac8]" started-at="2025-07-30T13:27:09 IST" name="driverQuit" finished-at="2025-07-30T13:27:09 IST" duration-ms="0" status="PASS">
          <params>
            <param index="0">
              <value>
                <![CDATA[[TestResult name=verifyWhetherUserCanAddNewNews status=SUCCESS method=ManageNewsTest.verifyWhetherUserCanAddNewNews()[pri:0, instance:testscript.ManageNewsTest@12591ac8] output={null}]]]>
              </value>
            </param>
          </params>
          <reporter-output>
          </reporter-output>
        </test-method> <!-- driverQuit -->
        <test-method is-config="true" signature="initializeBrowser(java.lang.String)[pri:0, instance:testscript.ManageNewsTest@12591ac8]" started-at="2025-07-30T13:27:09 IST" name="initializeBrowser" finished-at="2025-07-30T13:27:12 IST" duration-ms="2839" status="PASS">
          <params>
            <param index="0">
              <value>
                <![CDATA[chrome]]>
              </value>
            </param>
          </params>
          <reporter-output>
          </reporter-output>
        </test-method> <!-- initializeBrowser -->
        <test-method signature="verifyWhetherUserCanSearchAddedNews()[pri:0, instance:testscript.ManageNewsTest@12591ac8]" started-at="2025-07-30T13:27:12 IST" name="verifyWhetherUserCanSearchAddedNews" finished-at="2025-07-30T13:27:14 IST" duration-ms="2263" status="PASS">
          <reporter-output>
          </reporter-output>
        </test-method> <!-- verifyWhetherUserCanSearchAddedNews -->
        <test-method is-config="true" signature="driverQuit(org.testng.ITestResult)[pri:0, instance:testscript.ManageNewsTest@12591ac8]" started-at="2025-07-30T13:27:14 IST" name="driverQuit" finished-at="2025-07-30T13:27:14 IST" duration-ms="2" status="PASS">
          <params>
            <param index="0">
              <value>
                <![CDATA[[TestResult name=verifyWhetherUserCanSearchAddedNews status=SUCCESS method=ManageNewsTest.verifyWhetherUserCanSearchAddedNews()[pri:0, instance:testscript.ManageNewsTest@12591ac8] output={null}]]]>
              </value>
            </param>
          </params>
          <reporter-output>
          </reporter-output>
        </test-method> <!-- driverQuit -->
      </class> <!-- testscript.ManageNewsTest -->
    </test> <!-- Test -->
  </suite> <!-- Suite -->
</testng-results>
